c:\users\n1507\documents\sptwo2\projectp\debug\vc120.pdb
c:\users\n1507\documents\sptwo2\projectp\debug\vc120.idb
c:\users\n1507\documents\sptwo2\projectp\debug\application.obj
c:\users\n1507\documents\sptwo2\projectp\debug\camera.obj
c:\users\n1507\documents\sptwo2\projectp\debug\camera2.obj
c:\users\n1507\documents\sptwo2\projectp\debug\camera3.obj
c:\users\n1507\documents\sptwo2\projectp\debug\loadobj.obj
c:\users\n1507\documents\sptwo2\projectp\debug\loadtga.obj
c:\users\n1507\documents\sptwo2\projectp\debug\mesh.obj
c:\users\n1507\documents\sptwo2\projectp\debug\meshbuilder.obj
c:\users\n1507\documents\sptwo2\projectp\debug\sp2.obj
c:\users\n1507\documents\sptwo2\projectp\debug\utility.obj
c:\users\n1507\documents\sptwo2\projectp\debug\main.obj
c:\users\n1507\documents\sptwo2\projectp\debug\shader.obj
c:\users\n1507\documents\sptwo2\projectp\debug\planet1.obj
c:\users\n1507\documents\sptwo2\debug\projectp.pdb
c:\users\n1507\documents\sptwo2\projectp\debug\projectp.tlog\cl.command.1.tlog
c:\users\n1507\documents\sptwo2\projectp\debug\projectp.tlog\cl.read.1.tlog
c:\users\n1507\documents\sptwo2\projectp\debug\projectp.tlog\cl.write.1.tlog
c:\users\n1507\documents\sptwo2\projectp\debug\projectp.tlog\link-cvtres.read.1.tlog
c:\users\n1507\documents\sptwo2\projectp\debug\projectp.tlog\link-cvtres.write.1.tlog
c:\users\n1507\documents\sptwo2\projectp\debug\projectp.tlog\link-rc.read.1.tlog
c:\users\n1507\documents\sptwo2\projectp\debug\projectp.tlog\link-rc.write.1.tlog
c:\users\n1507\documents\sptwo2\projectp\debug\projectp.tlog\link.command.1.tlog
c:\users\n1507\documents\sptwo2\projectp\debug\projectp.tlog\link.read.1.tlog
c:\users\n1507\documents\sptwo2\projectp\debug\projectp.tlog\link.write.1.tlog
