<<<<<<< HEAD
﻿Build started 17/2/2016 5:12:40 PM.
     1>Project "F:\SP2\Common\Common.vcxproj" on node 2 (Build target(s)).
     1>ClCompile:
         C:\Program Files (x86)\Microsoft Visual Studio 12.0\VC\bin\CL.exe /c /ZI /nologo /W3 /WX- /Od /Oy- /D WIN32 /D _DEBUG /D _LIB /D _UNICODE /D UNICODE /Gm /EHsc /RTC1 /MDd /GS /fp:precise /Zc:wchar_t /Zc:forScope /Fo"Debug\\" /Fd"Debug\vc120.pdb" /Gd /TP /analyze- /errorReport:prompt Source\MatrixStack.cpp Source\Mtx44.cpp Source\Vector3.cpp Source\timer.cpp
         timer.cpp
         Vector3.cpp
         Mtx44.cpp
         MatrixStack.cpp
         Generating Code...
       Lib:
         C:\Program Files (x86)\Microsoft Visual Studio 12.0\VC\bin\Lib.exe /OUT:"F:\SP2\Debug\Common.lib" /NOLOGO Debug\MatrixStack.obj
=======
<<<<<<< HEAD
﻿Build started 2/17/2016 12:43:29 PM.
     1>Project "C:\Users\n1507\Documents\SP2Folder\Common\Common.vcxproj" on node 2 (Build target(s)).
     1>Lib:
         Common.vcxproj -> C:\Users\n1507\Documents\SP2Folder\Debug\Common.lib
     1>Done Building Project "C:\Users\n1507\Documents\SP2Folder\Common\Common.vcxproj" (Build target(s)).

Build succeeded.

Time Elapsed 00:00:00.03
=======
﻿Build started 2/17/2016 12:36:25 PM.
     1>Project "C:\Users\n1507\Desktop\GIT\Common\Common.vcxproj" on node 2 (Build target(s)).
     1>Lib:
         D:\Program Files (x86)\Microsoft Visual Studio 12.0\VC\bin\Lib.exe /OUT:"C:\Users\n1507\Desktop\GIT\Debug\Common.lib" /NOLOGO Debug\MatrixStack.obj
>>>>>>> 0f3d96efb599a63dd987acf074c15bb5e3c0cd52
         Debug\Mtx44.obj
         Debug\timer.obj
         Debug\Vector3.obj
         Common.vcxproj -> F:\SP2\Debug\Common.lib
     1>Done Building Project "F:\SP2\Common\Common.vcxproj" (Build target(s)).

Build succeeded.

<<<<<<< HEAD
Time Elapsed 00:00:06.33
=======
Time Elapsed 00:00:00.20
>>>>>>> 4f17d1c841ac978f00c8de87d4d33d8bd49be7e8
>>>>>>> 0f3d96efb599a63dd987acf074c15bb5e3c0cd52
